[0.650s] Invoking command in '/home/rokey1/Jetson_ws/build/ff_interface': CMAKE_PREFIX_PATH=${CMAKE_PREFIX_PATH}:/home/rokey1/turtlebot3_ws/install/turtlebot3_teleop:/home/rokey1/turtlebot3_ws/install/turtlebot3_example:/home/rokey1/Gripper_Camera_jetsonNano_ws/install/image_sub:/opt/ros/humble /usr/bin/cmake /home/rokey1/Jetson_ws/src/ff_interface -DCMAKE_INSTALL_PREFIX=/home/rokey1/Jetson_ws/install/ff_interface
[0.673s] -- Found ament_cmake: 1.3.10 (/opt/ros/humble/share/ament_cmake/cmake)
[0.979s] -- Found rosidl_default_generators: 1.2.0 (/opt/ros/humble/share/rosidl_default_generators/cmake)
[0.992s] -- Using all available rosidl_typesupport_c: rosidl_typesupport_fastrtps_c;rosidl_typesupport_introspection_c
[1.001s] -- Found rosidl_adapter: 3.1.5 (/opt/ros/humble/share/rosidl_adapter/cmake)
[1.073s] -- Using all available rosidl_typesupport_cpp: rosidl_typesupport_fastrtps_cpp;rosidl_typesupport_introspection_cpp
[1.119s] -- Found geometry_msgs: 4.2.4 (/opt/ros/humble/share/geometry_msgs/cmake)
[1.647s] [31mCMake Error at /opt/ros/humble/share/rosidl_adapter/cmake/rosidl_adapt_interfaces.cmake:59 (message):
[1.648s]   execute_process(/usr/bin/python3 -m rosidl_adapter --package-name
[1.648s]   ff_interface --arguments-file
[1.648s]   /home/rokey1/Jetson_ws/build/ff_interface/rosidl_adapter__arguments__ff_interface.json
[1.648s]   --output-dir
[1.648s]   /home/rokey1/Jetson_ws/build/ff_interface/rosidl_adapter/ff_interface
[1.648s]   --output-file
[1.649s]   /home/rokey1/Jetson_ws/build/ff_interface/rosidl_adapter/ff_interface.idls)
[1.649s]   returned error code 1:
[1.649s] 
[1.649s]   Traceback (most recent call last):
[1.649s] 
[1.649s]     File "/usr/lib/python3.10/runpy.py", line 196, in _run_module_as_main
[1.650s]       return _run_code(code, main_globals, None,
[1.650s]     File "/usr/lib/python3.10/runpy.py", line 86, in _run_code
[1.650s]       exec(code, run_globals)
[1.650s]     File "/opt/ros/humble/local/lib/python3.10/dist-packages/rosidl_adapter/__main__.py", line 19, in <module>
[1.650s]       sys.exit(main())
[1.650s]     File "/opt/ros/humble/local/lib/python3.10/dist-packages/rosidl_adapter/main.py", line 53, in main
[1.650s]       abs_idl_file = convert_to_idl(
[1.650s]     File "/opt/ros/humble/local/lib/python3.10/dist-packages/rosidl_adapter/__init__.py", line 24, in convert_to_idl
[1.650s]       return convert_srv_to_idl(
[1.651s]     File "/opt/ros/humble/local/lib/python3.10/dist-packages/rosidl_adapter/srv/__init__.py", line 28, in convert_srv_to_idl
[1.651s]       srv = parse_service_string(package_name, input_file.stem, content)
[1.651s]     File "/opt/ros/humble/local/lib/python3.10/dist-packages/rosidl_adapter/parser.py", line 850, in parse_service_string
[1.651s]       raise InvalidServiceSpecification(
[1.651s] 
[1.651s]   rosidl_adapter.parser.InvalidServiceSpecification: Could not find separator
[1.651s]   '---' between request and response
[1.651s] 
[1.651s] Call Stack (most recent call first):
[1.651s]   /opt/ros/humble/share/rosidl_cmake/cmake/rosidl_generate_interfaces.cmake:130 (rosidl_adapt_interfaces)
[1.652s]   CMakeLists.txt:17 (rosidl_generate_interfaces)
[1.652s] 
[1.652s] [0m
[1.652s] -- Configuring incomplete, errors occurred!
[1.652s] See also "/home/rokey1/Jetson_ws/build/ff_interface/CMakeFiles/CMakeOutput.log".
[1.663s] Invoked command in '/home/rokey1/Jetson_ws/build/ff_interface' returned '1': CMAKE_PREFIX_PATH=${CMAKE_PREFIX_PATH}:/home/rokey1/turtlebot3_ws/install/turtlebot3_teleop:/home/rokey1/turtlebot3_ws/install/turtlebot3_example:/home/rokey1/Gripper_Camera_jetsonNano_ws/install/image_sub:/opt/ros/humble /usr/bin/cmake /home/rokey1/Jetson_ws/src/ff_interface -DCMAKE_INSTALL_PREFIX=/home/rokey1/Jetson_ws/install/ff_interface
