[0.627s] Invoking command in '/home/rokey1/Jetson_ws/build/ff_interface': CMAKE_PREFIX_PATH=${CMAKE_PREFIX_PATH}:/home/rokey1/turtlebot3_ws/install/turtlebot3_teleop:/home/rokey1/turtlebot3_ws/install/turtlebot3_example:/home/rokey1/Gripper_Camera_jetsonNano_ws/install/image_sub:/opt/ros/humble /usr/bin/cmake /home/rokey1/Jetson_ws/src/ff_interface -DCMAKE_INSTALL_PREFIX=/home/rokey1/Jetson_ws/install/ff_interface
[0.807s] -- The C compiler identification is GNU 11.4.0
[0.939s] -- The CXX compiler identification is GNU 11.4.0
[0.957s] -- Detecting C compiler ABI info
[1.088s] -- Detecting C compiler ABI info - done
[1.101s] -- Check for working C compiler: /usr/bin/cc - skipped
[1.102s] -- Detecting C compile features
[1.103s] -- Detecting C compile features - done
[1.110s] -- Detecting CXX compiler ABI info
[1.259s] -- Detecting CXX compiler ABI info - done
[1.272s] -- Check for working CXX compiler: /usr/bin/c++ - skipped
[1.273s] -- Detecting CXX compile features
[1.274s] -- Detecting CXX compile features - done
[1.293s] -- Found ament_cmake: 1.3.10 (/opt/ros/humble/share/ament_cmake/cmake)
[1.636s] -- Found Python3: /usr/bin/python3 (found version "3.10.12") found components: Interpreter 
[1.946s] -- Found rosidl_default_generators: 1.2.0 (/opt/ros/humble/share/rosidl_default_generators/cmake)
[1.964s] -- Using all available rosidl_typesupport_c: rosidl_typesupport_fastrtps_c;rosidl_typesupport_introspection_c
[1.990s] -- Found rosidl_adapter: 3.1.5 (/opt/ros/humble/share/rosidl_adapter/cmake)
[2.117s] -- Using all available rosidl_typesupport_cpp: rosidl_typesupport_fastrtps_cpp;rosidl_typesupport_introspection_cpp
[2.219s] -- Found geometry_msgs: 4.2.4 (/opt/ros/humble/share/geometry_msgs/cmake)
[2.777s] [31mCMake Error at /opt/ros/humble/share/rosidl_adapter/cmake/rosidl_adapt_interfaces.cmake:59 (message):
[2.777s]   execute_process(/usr/bin/python3 -m rosidl_adapter --package-name
[2.778s]   ff_interface --arguments-file
[2.778s]   /home/rokey1/Jetson_ws/build/ff_interface/rosidl_adapter__arguments__ff_interface.json
[2.778s]   --output-dir
[2.778s]   /home/rokey1/Jetson_ws/build/ff_interface/rosidl_adapter/ff_interface
[2.778s]   --output-file
[2.779s]   /home/rokey1/Jetson_ws/build/ff_interface/rosidl_adapter/ff_interface.idls)
[2.779s]   returned error code 1:
[2.779s] 
[2.779s]   Traceback (most recent call last):
[2.780s] 
[2.780s]     File "/usr/lib/python3.10/runpy.py", line 196, in _run_module_as_main
[2.780s]       return _run_code(code, main_globals, None,
[2.780s]     File "/usr/lib/python3.10/runpy.py", line 86, in _run_code
[2.780s]       exec(code, run_globals)
[2.781s]     File "/opt/ros/humble/local/lib/python3.10/dist-packages/rosidl_adapter/__main__.py", line 19, in <module>
[2.781s]       sys.exit(main())
[2.781s]     File "/opt/ros/humble/local/lib/python3.10/dist-packages/rosidl_adapter/main.py", line 53, in main
[2.781s]       abs_idl_file = convert_to_idl(
[2.781s]     File "/opt/ros/humble/local/lib/python3.10/dist-packages/rosidl_adapter/__init__.py", line 24, in convert_to_idl
[2.782s]       return convert_srv_to_idl(
[2.782s]     File "/opt/ros/humble/local/lib/python3.10/dist-packages/rosidl_adapter/srv/__init__.py", line 28, in convert_srv_to_idl
[2.782s]       srv = parse_service_string(package_name, input_file.stem, content)
[2.782s]     File "/opt/ros/humble/local/lib/python3.10/dist-packages/rosidl_adapter/parser.py", line 850, in parse_service_string
[2.783s]       raise InvalidServiceSpecification(
[2.783s] 
[2.783s]   rosidl_adapter.parser.InvalidServiceSpecification: Could not find separator
[2.783s]   '---' between request and response
[2.783s] 
[2.784s] Call Stack (most recent call first):
[2.784s]   /opt/ros/humble/share/rosidl_cmake/cmake/rosidl_generate_interfaces.cmake:130 (rosidl_adapt_interfaces)
[2.784s]   CMakeLists.txt:17 (rosidl_generate_interfaces)
[2.784s] 
[2.784s] [0m
[2.785s] -- Configuring incomplete, errors occurred!
[2.785s] See also "/home/rokey1/Jetson_ws/build/ff_interface/CMakeFiles/CMakeOutput.log".
[2.804s] Invoked command in '/home/rokey1/Jetson_ws/build/ff_interface' returned '1': CMAKE_PREFIX_PATH=${CMAKE_PREFIX_PATH}:/home/rokey1/turtlebot3_ws/install/turtlebot3_teleop:/home/rokey1/turtlebot3_ws/install/turtlebot3_example:/home/rokey1/Gripper_Camera_jetsonNano_ws/install/image_sub:/opt/ros/humble /usr/bin/cmake /home/rokey1/Jetson_ws/src/ff_interface -DCMAKE_INSTALL_PREFIX=/home/rokey1/Jetson_ws/install/ff_interface
