[0.707s] DEBUG:colcon:Command line arguments: ['/usr/bin/colcon', 'list', '-p', '--base-paths', '/home/rokey/Jetson']
[0.707s] DEBUG:colcon:Parsed command line arguments: Namespace(log_base=None, log_level=None, verb_name='list', build_base='build', ignore_user_meta=False, metas=['./colcon.meta'], base_paths=['/home/rokey/Jetson'], packages_ignore=None, packages_ignore_regex=None, paths=None, packages_up_to=None, packages_up_to_regex=None, packages_above=None, packages_above_and_dependencies=None, packages_above_depth=None, packages_select_by_dep=None, packages_skip_by_dep=None, packages_skip_up_to=None, packages_select_build_failed=False, packages_skip_build_finished=False, packages_select_test_failures=False, packages_skip_test_passed=False, packages_select=None, packages_skip=None, packages_select_regex=None, packages_skip_regex=None, packages_start=None, packages_end=None, allow_overriding=[], topological_order=False, names_only=False, paths_only=True, topological_graph=False, topological_graph_dot=False, topological_graph_density=False, topological_graph_legend=False, topological_graph_dot_cluster=False, topological_graph_dot_include_skipped=False, mixin_files=None, mixin=None, verb_parser=<colcon_mixin.mixin.mixin_argument.MixinArgumentDecorator object at 0x7a563b4abdf0>, verb_extension=<colcon_package_information.verb.list.ListVerb object at 0x7a563b4aaa40>, main=<bound method ListVerb.main of <colcon_package_information.verb.list.ListVerb object at 0x7a563b4aaa40>>, mixin_verb=('list',))
[1.923s] Level 1:colcon.colcon_core.package_discovery:discover_packages(colcon_meta) check parameters
[1.924s] Level 1:colcon.colcon_core.package_discovery:discover_packages(recursive) check parameters
[1.924s] Level 1:colcon.colcon_core.package_discovery:discover_packages(ignore) check parameters
[1.924s] Level 1:colcon.colcon_core.package_discovery:discover_packages(path) check parameters
[1.925s] Level 1:colcon.colcon_core.package_discovery:discover_packages(recursive) discover
[1.925s] INFO:colcon.colcon_core.package_discovery:Crawling recursively for packages in '/home/rokey/Jetson'
[1.925s] Level 1:colcon.colcon_core.package_identification:_identify(/home/rokey/Jetson) by extensions ['ignore', 'ignore_ament_install']
[1.926s] Level 1:colcon.colcon_core.package_identification:_identify(/home/rokey/Jetson) by extension 'ignore'
[1.926s] Level 1:colcon.colcon_core.package_identification:_identify(/home/rokey/Jetson) by extension 'ignore_ament_install'
[1.926s] Level 1:colcon.colcon_core.package_identification:_identify(/home/rokey/Jetson) by extensions ['colcon_pkg']
[1.927s] Level 1:colcon.colcon_core.package_identification:_identify(/home/rokey/Jetson) by extension 'colcon_pkg'
[1.927s] Level 1:colcon.colcon_core.package_identification:_identify(/home/rokey/Jetson) by extensions ['colcon_meta']
[1.927s] Level 1:colcon.colcon_core.package_identification:_identify(/home/rokey/Jetson) by extension 'colcon_meta'
[1.927s] Level 1:colcon.colcon_core.package_identification:_identify(/home/rokey/Jetson) by extensions ['ros']
[1.927s] Level 1:colcon.colcon_core.package_identification:_identify(/home/rokey/Jetson) by extension 'ros'
[1.974s] Level 1:colcon.colcon_core.package_identification:_identify(/home/rokey/Jetson) by extensions ['cmake', 'python']
[1.975s] Level 1:colcon.colcon_core.package_identification:_identify(/home/rokey/Jetson) by extension 'cmake'
[1.975s] Level 1:colcon.colcon_core.package_identification:_identify(/home/rokey/Jetson) by extension 'python'
[1.975s] Level 1:colcon.colcon_core.package_identification:_identify(/home/rokey/Jetson) by extensions ['python_setup_py']
[1.975s] Level 1:colcon.colcon_core.package_identification:_identify(/home/rokey/Jetson) by extension 'python_setup_py'
[1.976s] Level 1:colcon.colcon_core.package_identification:_identify(/home/rokey/Jetson/build) by extensions ['ignore', 'ignore_ament_install']
[1.976s] Level 1:colcon.colcon_core.package_identification:_identify(/home/rokey/Jetson/build) by extension 'ignore'
[1.977s] Level 1:colcon.colcon_core.package_identification:_identify(/home/rokey/Jetson/build) ignored
[1.977s] Level 1:colcon.colcon_core.package_identification:_identify(/home/rokey/Jetson/install) by extensions ['ignore', 'ignore_ament_install']
[1.978s] Level 1:colcon.colcon_core.package_identification:_identify(/home/rokey/Jetson/install) by extension 'ignore'
[1.978s] Level 1:colcon.colcon_core.package_identification:_identify(/home/rokey/Jetson/install) ignored
[1.978s] Level 1:colcon.colcon_core.package_identification:_identify(/home/rokey/Jetson/log) by extensions ['ignore', 'ignore_ament_install']
[1.979s] Level 1:colcon.colcon_core.package_identification:_identify(/home/rokey/Jetson/log) by extension 'ignore'
[1.979s] Level 1:colcon.colcon_core.package_identification:_identify(/home/rokey/Jetson/log) ignored
[1.979s] Level 1:colcon.colcon_core.package_identification:_identify(/home/rokey/Jetson/src) by extensions ['ignore', 'ignore_ament_install']
[1.980s] Level 1:colcon.colcon_core.package_identification:_identify(/home/rokey/Jetson/src) by extension 'ignore'
[1.980s] Level 1:colcon.colcon_core.package_identification:_identify(/home/rokey/Jetson/src) by extension 'ignore_ament_install'
[1.980s] Level 1:colcon.colcon_core.package_identification:_identify(/home/rokey/Jetson/src) by extensions ['colcon_pkg']
[1.980s] Level 1:colcon.colcon_core.package_identification:_identify(/home/rokey/Jetson/src) by extension 'colcon_pkg'
[1.980s] Level 1:colcon.colcon_core.package_identification:_identify(/home/rokey/Jetson/src) by extensions ['colcon_meta']
[1.980s] Level 1:colcon.colcon_core.package_identification:_identify(/home/rokey/Jetson/src) by extension 'colcon_meta'
[1.981s] Level 1:colcon.colcon_core.package_identification:_identify(/home/rokey/Jetson/src) by extensions ['ros']
[1.981s] Level 1:colcon.colcon_core.package_identification:_identify(/home/rokey/Jetson/src) by extension 'ros'
[1.981s] Level 1:colcon.colcon_core.package_identification:_identify(/home/rokey/Jetson/src) by extensions ['cmake', 'python']
[1.981s] Level 1:colcon.colcon_core.package_identification:_identify(/home/rokey/Jetson/src) by extension 'cmake'
[1.981s] Level 1:colcon.colcon_core.package_identification:_identify(/home/rokey/Jetson/src) by extension 'python'
[1.981s] Level 1:colcon.colcon_core.package_identification:_identify(/home/rokey/Jetson/src) by extensions ['python_setup_py']
[1.981s] Level 1:colcon.colcon_core.package_identification:_identify(/home/rokey/Jetson/src) by extension 'python_setup_py'
[1.982s] Level 1:colcon.colcon_core.package_identification:_identify(/home/rokey/Jetson/src/control) by extensions ['ignore', 'ignore_ament_install']
[1.983s] Level 1:colcon.colcon_core.package_identification:_identify(/home/rokey/Jetson/src/control) by extension 'ignore'
[1.983s] Level 1:colcon.colcon_core.package_identification:_identify(/home/rokey/Jetson/src/control) by extension 'ignore_ament_install'
[1.983s] Level 1:colcon.colcon_core.package_identification:_identify(/home/rokey/Jetson/src/control) by extensions ['colcon_pkg']
[1.984s] Level 1:colcon.colcon_core.package_identification:_identify(/home/rokey/Jetson/src/control) by extension 'colcon_pkg'
[1.984s] Level 1:colcon.colcon_core.package_identification:_identify(/home/rokey/Jetson/src/control) by extensions ['colcon_meta']
[1.984s] Level 1:colcon.colcon_core.package_identification:_identify(/home/rokey/Jetson/src/control) by extension 'colcon_meta'
[1.984s] Level 1:colcon.colcon_core.package_identification:_identify(/home/rokey/Jetson/src/control) by extensions ['ros']
[1.984s] Level 1:colcon.colcon_core.package_identification:_identify(/home/rokey/Jetson/src/control) by extension 'ros'
[1.994s] DEBUG:colcon.colcon_core.package_identification:Package '/home/rokey/Jetson/src/control' with type 'ros.ament_python' and name 'control'
[1.995s] Level 1:colcon.colcon_core.package_identification:_identify(/home/rokey/Jetson/src/ff_interface) by extensions ['ignore', 'ignore_ament_install']
[1.996s] Level 1:colcon.colcon_core.package_identification:_identify(/home/rokey/Jetson/src/ff_interface) by extension 'ignore'
[1.996s] Level 1:colcon.colcon_core.package_identification:_identify(/home/rokey/Jetson/src/ff_interface) by extension 'ignore_ament_install'
[1.996s] Level 1:colcon.colcon_core.package_identification:_identify(/home/rokey/Jetson/src/ff_interface) by extensions ['colcon_pkg']
[1.997s] Level 1:colcon.colcon_core.package_identification:_identify(/home/rokey/Jetson/src/ff_interface) by extension 'colcon_pkg'
[1.997s] Level 1:colcon.colcon_core.package_identification:_identify(/home/rokey/Jetson/src/ff_interface) by extensions ['colcon_meta']
[1.997s] Level 1:colcon.colcon_core.package_identification:_identify(/home/rokey/Jetson/src/ff_interface) by extension 'colcon_meta'
[1.997s] Level 1:colcon.colcon_core.package_identification:_identify(/home/rokey/Jetson/src/ff_interface) by extensions ['ros']
[1.997s] Level 1:colcon.colcon_core.package_identification:_identify(/home/rokey/Jetson/src/ff_interface) by extension 'ros'
[2.001s] DEBUG:colcon.colcon_core.package_identification:Package '/home/rokey/Jetson/src/ff_interface' with type 'ros.ament_cmake' and name 'ff_interface'
[2.001s] Level 1:colcon.colcon_core.package_discovery:discover_packages(recursive) using defaults
